<?xml version="1.0" encoding="UTF-8"?>
<testsuite xmlns:xsi="http://www.w3.org/2001/XMLSchema-instance" xsi:noNamespaceSchemaLocation="https://maven.apache.org/surefire/maven-surefire-plugin/xsd/surefire-test-report-3.0.xsd" version="3.0" name="at.fhj.iit.CalculatorImplTest" time="0.299" tests="27" errors="0" skipped="0" failures="0">
  <properties>
[...]
</properties>
  <testcase name="testFaculty(int, int)[1]" classname="at.fhj.iit.CalculatorImplTest" time="0.083"/>
  <testcase name="testFaculty(int, int)[2]" classname="at.fhj.iit.CalculatorImplTest" time="0.002"/>
  <testcase name="testFaculty(int, int)[3]" classname="at.fhj.iit.CalculatorImplTest" time="0.002"/>
  <testcase name="testFaculty(int, int)[4]" classname="at.fhj.iit.CalculatorImplTest" time="0.002"/>
  <testcase name="testFaculty(int, int)[5]" classname="at.fhj.iit.CalculatorImplTest" time="0.002"/>
  <testcase name="testFaculty(int, int)[6]" classname="at.fhj.iit.CalculatorImplTest" time="0.002"/>
  <testcase name="testFaculty(int, int)[7]" classname="at.fhj.iit.CalculatorImplTest" time="0.001"/>
  <testcase name="testFaculty(int, int)[8]" classname="at.fhj.iit.CalculatorImplTest" time="0.001"/>
  <testcase name="testAdd(double, double, double)[1]" classname="at.fhj.iit.CalculatorImplTest" time="0.007"/>
  <testcase name="testAdd(double, double, double)[2]" classname="at.fhj.iit.CalculatorImplTest" time="0.001"/>
  <testcase name="testAdd(double, double, double)[3]" classname="at.fhj.iit.CalculatorImplTest" time="0.002"/>
  <testcase name="testAdd(double, double, double)[4]" classname="at.fhj.iit.CalculatorImplTest" time="0.002"/>
  <testcase name="testAdd(double, double, double)[5]" classname="at.fhj.iit.CalculatorImplTest" time="0.001"/>
  <testcase name="testAdd(double, double, double)[6]" classname="at.fhj.iit.CalculatorImplTest" time="0.001"/>
  <testcase name="testAdd(double, double, double)[7]" classname="at.fhj.iit.CalculatorImplTest" time="0.001"/>
  <testcase name="testMinus" classname="at.fhj.iit.CalculatorImplTest" time="0.002"/>
  <testcase name="testSumOfNaturalNumbers" classname="at.fhj.iit.CalculatorImplTest" time="0.001"/>
  <testcase name="testDivideWithZero" classname="at.fhj.iit.CalculatorImplTest" time="0.011"/>
  <testcase name="testDivide" classname="at.fhj.iit.CalculatorImplTest" time="0.001"/>
  <testcase name="testMultiply" classname="at.fhj.iit.CalculatorImplTest" time="0.002"/>
  <testcase name="testMinusMore(double, double, double)[1]" classname="at.fhj.iit.CalculatorImplTest" time="0.001"/>
  <testcase name="testMinusMore(double, double, double)[2]" classname="at.fhj.iit.CalculatorImplTest" time="0.001"/>
  <testcase name="testMinusMore(double, double, double)[3]" classname="at.fhj.iit.CalculatorImplTest" time="0.001"/>
  <testcase name="testMinusMore(double, double, double)[4]" classname="at.fhj.iit.CalculatorImplTest" time="0.001"/>
  <testcase name="testMinusMore(double, double, double)[5]" classname="at.fhj.iit.CalculatorImplTest" time="0.001"/>
  <testcase name="testMinusMore(double, double, double)[6]" classname="at.fhj.iit.CalculatorImplTest" time="0.001"/>
  <testcase name="testMinusMore(double, double, double)[7]" classname="at.fhj.iit.CalculatorImplTest" time="0.001"/>
</testsuite>